<?xml version="1.0" encoding="UTF-8"?>
<!-- Generated by org.testng.reporters.JUnitReportReporter -->
<testsuite hostname="MACLTUS66713" name="seleniumgenc.SeleniumPracticeTekstacShopifyTests" tests="3" failures="0" timestamp="23 Feb 2021 17:05:43 GMT" time="13.117" errors="0">
  <testcase name="shopifyRegisterFormContainsAllTextboxes" time="4.810" classname="seleniumgenc.SeleniumPracticeTekstacShopifyTests"/>
  <testcase name="submittingFormAddsInfoToBottomTable" time="4.161" classname="seleniumgenc.SeleniumPracticeTekstacShopifyTests"/>
  <testcase name="incomplete_form_issues_error" time="4.146" classname="seleniumgenc.SeleniumPracticeTekstacShopifyTests"/>
</testsuite> <!-- seleniumgenc.SeleniumPracticeTekstacShopifyTests -->
