<?xml version="1.0" encoding="UTF-8"?>
<!-- Generated by org.testng.reporters.JUnitReportReporter -->
<testsuite hostname="MACLTUS66713" name="seleniumgenc.SeleniumPracticeTekstacShopifyTests" tests="1" failures="0" timestamp="17 Feb 2021 18:07:56 GMT" time="4.655" errors="0">
  <testcase name="shopifyRegisterFormContainsAllTextboxes" time="4.655" classname="seleniumgenc.SeleniumPracticeTekstacShopifyTests"/>
</testsuite> <!-- seleniumgenc.SeleniumPracticeTekstacShopifyTests -->
