<?xml version="1.0" encoding="UTF-8"?>
<!-- Generated by org.testng.reporters.JUnitReportReporter -->
<testsuite hostname="MACLTUS66713" name="seleniumgenc.SeleniumPracticeTekstacShopifyTests" tests="5" failures="0" timestamp="25 Feb 2021 16:42:42 GMT" time="25.209" errors="0">
  <testcase name="incomplete_form_issues_error" time="4.012" classname="seleniumgenc.SeleniumPracticeTekstacShopifyTests"/>
  <testcase name="incomplete_form_issues_error" time="4.776" classname="seleniumgenc.SeleniumPracticeTekstacShopifyTests"/>
  <testcase name="incomplete_form_issues_error" time="5.887" classname="seleniumgenc.SeleniumPracticeTekstacShopifyTests"/>
  <testcase name="incomplete_form_issues_error" time="4.194" classname="seleniumgenc.SeleniumPracticeTekstacShopifyTests"/>
  <testcase name="incomplete_form_issues_error" time="6.340" classname="seleniumgenc.SeleniumPracticeTekstacShopifyTests"/>
</testsuite> <!-- seleniumgenc.SeleniumPracticeTekstacShopifyTests -->
